2021-10-24 15:01:57,887 loglevel=INFO   logger=app.utils log_requests() L44   rid=HC5BWL start request path=/api/v1/payment/routine/list
2021-10-24 15:01:57,904 loglevel=INFO   logger=app.utils routine_list() L45   {'response_code': '00', 'response_msg': 'OK', 'response_data': {'data': [{'id': 1, 'name': 'Kontrakan', 'amount': 850000, 'period_unit': 'M', 'period_value': 10, 'is_active': 'T', 'description': 'Bayar kontrakkan bulanan', 'created_at': datetime.datetime(2021, 10, 23, 21, 12, 34, 818116), 'updated_at': datetime.datetime(2021, 10, 23, 21, 12, 34, 818116)}, {'id': 2, 'name': 'PDAM Air', 'amount': 50000, 'period_unit': 'M', 'period_value': 10, 'is_active': 'T', 'description': 'Bayar PDAM Air', 'created_at': datetime.datetime(2021, 10, 23, 21, 14, 0, 404853), 'updated_at': datetime.datetime(2021, 10, 23, 21, 14, 0, 404853)}], 'totalRow': 2, 'totalPage': 1, 'currentPage': 1, 'currentshow': 15}}
2021-10-24 15:01:57,910 loglevel=INFO   logger=app.utils log_requests() L52   rid=HC5BWL completed_in=22.03ms status_code=200
2021-10-24 15:28:04,956 loglevel=INFO   logger=app.utils log_requests() L44   rid=QU7GLE start request path=/docs
2021-10-24 15:28:04,957 loglevel=INFO   logger=app.utils log_requests() L52   rid=QU7GLE completed_in=0.00ms status_code=200
2021-10-24 15:28:05,600 loglevel=INFO   logger=app.utils log_requests() L44   rid=XL95IZ start request path=/api/v1/openapi.json
2021-10-24 15:28:05,634 loglevel=INFO   logger=app.utils log_requests() L52   rid=XL95IZ completed_in=33.00ms status_code=200
2021-10-24 15:32:01,072 loglevel=INFO   logger=app.utils log_requests() L44   rid=7LXS0I start request path=/docs
2021-10-24 15:32:01,073 loglevel=INFO   logger=app.utils log_requests() L52   rid=7LXS0I completed_in=0.00ms status_code=200
2021-10-24 15:32:01,518 loglevel=INFO   logger=app.utils log_requests() L44   rid=METVB0 start request path=/api/v1/openapi.json
2021-10-24 15:32:01,555 loglevel=INFO   logger=app.utils log_requests() L52   rid=METVB0 completed_in=26.00ms status_code=200
2021-10-24 15:32:56,803 loglevel=INFO   logger=app.utils log_requests() L44   rid=JVECB0 start request path=/docs
2021-10-24 15:32:56,804 loglevel=INFO   logger=app.utils log_requests() L52   rid=JVECB0 completed_in=0.00ms status_code=200
2021-10-24 15:32:57,149 loglevel=INFO   logger=app.utils log_requests() L44   rid=82DAN0 start request path=/api/v1/openapi.json
2021-10-24 15:32:57,182 loglevel=INFO   logger=app.utils log_requests() L52   rid=82DAN0 completed_in=30.00ms status_code=200
2021-10-24 15:33:04,757 loglevel=INFO   logger=app.utils log_requests() L44   rid=D213HW start request path=/api/v1/payment/routine/create
2021-10-24 15:33:04,758 loglevel=INFO   logger=app.utils routine_create() L59   {'response_code': '00', 'response_msg': 'OK', 'response_data': ''}
2021-10-24 15:42:17,532 loglevel=INFO   logger=app.utils log_requests() L44   rid=MN8NX9 start request path=/api/v1/payment/routine/create
2021-10-24 15:42:17,535 loglevel=ERROR  logger=app.utils setExcMessage() L60   -------------------------------------------
2021-10-24 15:42:17,537 loglevel=ERROR  logger=app.utils setExcMessage() L61   ExcMessage:
2021-10-24 15:42:17,539 loglevel=ERROR  logger=app.utils setExcMessage() L62   ModelMetaclass object argument after ** must be a mapping, not PaymentRoutineCreate
2021-10-24 15:42:17,543 loglevel=ERROR  logger=app.utils setExcMessage() L63   -------------------------------------------
2021-10-24 15:42:17,545 loglevel=INFO   logger=app.utils routine_create() L61   <starlette.responses.JSONResponse object at 0x000001B6BA801BC8>
2021-10-24 15:42:17,547 loglevel=INFO   logger=app.utils log_requests() L52   rid=MN8NX9 completed_in=13.01ms status_code=500
2021-10-24 15:43:02,955 loglevel=INFO   logger=app.utils log_requests() L44   rid=DNTW3N start request path=/api/v1/payment/routine/create
2021-10-24 15:43:02,980 loglevel=ERROR  logger=app.utils setExcMessage() L60   -------------------------------------------
2021-10-24 15:43:02,980 loglevel=ERROR  logger=app.utils setExcMessage() L61   ExcMessage:
2021-10-24 15:43:02,980 loglevel=ERROR  logger=app.utils setExcMessage() L62   90::Rollback: Db transaction failed, null value in column "period_value" violates not-null constraint
DETAIL:  Failing row contains (3, Pulsa Listrik, 300000, M, null, T, Beli token listrik bulanan, 2021-10-24 15:43:02.957541, 2021-10-24 15:43:02.957541).
2021-10-24 15:43:02,981 loglevel=ERROR  logger=app.utils setExcMessage() L63   -------------------------------------------
2021-10-24 15:43:02,982 loglevel=INFO   logger=app.utils routine_create() L59   <starlette.responses.JSONResponse object at 0x0000023D8B7C5A08>
2021-10-24 15:43:02,983 loglevel=INFO   logger=app.utils log_requests() L52   rid=DNTW3N completed_in=28.00ms status_code=500
2021-10-24 15:43:59,304 loglevel=INFO   logger=app.utils log_requests() L44   rid=CTPSU9 start request path=/api/v1/payment/routine/create
2021-10-24 15:43:59,311 loglevel=ERROR  logger=app.utils validation_exception_handler() L28   ERROR: 1 validation error for Request
body -> period_value
  field required (type=value_error.missing)
2021-10-24 15:43:59,319 loglevel=INFO   logger=app.utils log_requests() L52   rid=CTPSU9 completed_in=10.99ms status_code=500
2021-10-24 15:45:28,896 loglevel=INFO   logger=app.utils log_requests() L44   rid=0GDGES start request path=/api/v1/payment/routine/create
2021-10-24 15:45:28,912 loglevel=INFO   logger=app.utils routine_create() L59   {'response_code': '00', 'response_msg': 'OK', 'response_data': <app.models.models.PaymentRoutine object at 0x000002454E82C288>}
2021-10-24 15:48:47,898 loglevel=INFO   logger=app.utils log_requests() L44   rid=FM7CI8 start request path=/api/v1/payment/routine/create
2021-10-24 15:48:47,913 loglevel=ERROR  logger=app.utils setExcMessage() L60   -------------------------------------------
2021-10-24 15:48:47,914 loglevel=ERROR  logger=app.utils setExcMessage() L61   ExcMessage:
2021-10-24 15:48:47,914 loglevel=ERROR  logger=app.utils setExcMessage() L62   <app.models.models.PaymentRoutine object at 0x000002403A858588>
2021-10-24 15:48:47,914 loglevel=ERROR  logger=app.utils setExcMessage() L63   -------------------------------------------
2021-10-24 15:48:47,915 loglevel=INFO   logger=app.utils routine_create() L60   <starlette.responses.JSONResponse object at 0x000002403A858608>
2021-10-24 15:48:47,918 loglevel=INFO   logger=app.utils log_requests() L52   rid=FM7CI8 completed_in=20.00ms status_code=500
2021-10-24 15:50:49,933 loglevel=INFO   logger=app.utils log_requests() L44   rid=GH93ZF start request path=/api/v1/payment/routine/create
2021-10-24 15:50:49,959 loglevel=INFO   logger=app.utils routine_create() L59   {'response_code': '00', 'response_msg': 'OK', 'response_data': <app.models.models.PaymentRoutine object at 0x000002350F72A5C8>}
2021-10-24 15:52:20,389 loglevel=INFO   logger=app.utils log_requests() L44   rid=EC55AE start request path=/api/v1/payment/routine/create
2021-10-24 15:52:20,408 loglevel=ERROR  logger=app.utils setExcMessage() L60   -------------------------------------------
2021-10-24 15:52:20,409 loglevel=ERROR  logger=app.utils setExcMessage() L61   ExcMessage:
2021-10-24 15:52:20,411 loglevel=ERROR  logger=app.utils setExcMessage() L62   ModelMetaclass object argument after ** must be a mapping, not PaymentRoutine
2021-10-24 15:52:20,412 loglevel=ERROR  logger=app.utils setExcMessage() L63   -------------------------------------------
2021-10-24 15:52:20,413 loglevel=INFO   logger=app.utils routine_create() L59   <starlette.responses.JSONResponse object at 0x000002148CF76548>
2021-10-24 15:52:20,413 loglevel=INFO   logger=app.utils log_requests() L52   rid=EC55AE completed_in=23.00ms status_code=500
2021-10-24 15:53:50,295 loglevel=INFO   logger=app.utils log_requests() L44   rid=APJFDU start request path=/api/v1/payment/routine/create
2021-10-24 15:53:50,321 loglevel=INFO   logger=app.utils routine_create() L59   {'response_code': '00', 'response_msg': 'OK', 'response_data': <app.models.models.PaymentRoutine object at 0x0000017BFCF494C8>}
2021-10-24 15:53:50,324 loglevel=INFO   logger=app.utils log_requests() L52   rid=APJFDU completed_in=28.00ms status_code=200
2021-10-24 15:54:07,334 loglevel=INFO   logger=app.utils log_requests() L44   rid=WMPCMA start request path=/docs
2021-10-24 15:54:07,335 loglevel=INFO   logger=app.utils log_requests() L52   rid=WMPCMA completed_in=0.00ms status_code=200
2021-10-24 15:54:07,761 loglevel=INFO   logger=app.utils log_requests() L44   rid=C66FYA start request path=/api/v1/openapi.json
2021-10-24 15:54:07,802 loglevel=INFO   logger=app.utils log_requests() L52   rid=C66FYA completed_in=26.00ms status_code=200
2021-10-24 15:54:21,613 loglevel=INFO   logger=app.utils log_requests() L44   rid=IZG08S start request path=/api/v1/payment/routine/create
2021-10-24 15:54:21,621 loglevel=INFO   logger=app.utils routine_create() L59   {'response_code': '00', 'response_msg': 'OK', 'response_data': <app.models.models.PaymentRoutine object at 0x0000017BFCF986C8>}
2021-10-24 15:54:21,624 loglevel=INFO   logger=app.utils log_requests() L52   rid=IZG08S completed_in=9.00ms status_code=200
2021-10-24 15:55:35,936 loglevel=INFO   logger=app.utils log_requests() L44   rid=C9ILD0 start request path=/api/v1/payment/routine/create
2021-10-24 15:55:35,969 loglevel=INFO   logger=app.utils routine_create() L59   {'response_code': '00', 'response_msg': 'OK', 'response_data': <app.models.models.PaymentRoutine object at 0x0000016D5F8BB708>}
2021-10-24 15:55:35,970 loglevel=INFO   logger=app.utils log_requests() L52   rid=C9ILD0 completed_in=33.00ms status_code=200
2021-10-24 15:55:43,417 loglevel=INFO   logger=app.utils log_requests() L44   rid=719EPW start request path=/docs
2021-10-24 15:55:43,424 loglevel=INFO   logger=app.utils log_requests() L52   rid=719EPW completed_in=2.03ms status_code=200
2021-10-24 15:55:43,822 loglevel=INFO   logger=app.utils log_requests() L44   rid=US6JMN start request path=/api/v1/openapi.json
2021-10-24 15:55:43,856 loglevel=INFO   logger=app.utils log_requests() L52   rid=US6JMN completed_in=30.00ms status_code=200
2021-10-24 15:56:28,526 loglevel=INFO   logger=app.utils log_requests() L44   rid=TU281E start request path=/api/v1/payment/routine/list
2021-10-24 15:56:28,548 loglevel=INFO   logger=app.utils routine_list() L38   {'response_code': '00', 'response_msg': 'OK', 'response_data': {'data': [{'id': 1, 'name': 'Kontrakan', 'amount': 850000, 'period_unit': 'M', 'period_value': 10, 'is_active': 'T', 'description': 'Bayar kontrakkan bulanan', 'created_at': datetime.datetime(2021, 10, 23, 21, 12, 34, 818116), 'updated_at': datetime.datetime(2021, 10, 23, 21, 12, 34, 818116)}, {'id': 2, 'name': 'PDAM Air', 'amount': 50000, 'period_unit': 'M', 'period_value': 10, 'is_active': 'T', 'description': 'Bayar PDAM Air', 'created_at': datetime.datetime(2021, 10, 23, 21, 14, 0, 404853), 'updated_at': datetime.datetime(2021, 10, 23, 21, 14, 0, 404853)}, {'id': 4, 'name': 'Pulsa Listrik', 'amount': 300000, 'period_unit': 'M', 'period_value': 15, 'is_active': 'T', 'description': 'Beli token listrik bulanan', 'created_at': datetime.datetime(2021, 10, 24, 15, 45, 28, 899163), 'updated_at': datetime.datetime(2021, 10, 24, 15, 45, 28, 899163)}], 'totalRow': 3, 'totalPage': 1, 'currentPage': 1, 'currentshow': 15}}
2021-10-24 15:56:28,553 loglevel=INFO   logger=app.utils log_requests() L52   rid=TU281E completed_in=26.02ms status_code=200
2021-10-24 16:00:47,188 loglevel=INFO   logger=app.utils log_requests() L44   rid=D8LCFI start request path=/api/v1/payment/routine/create
2021-10-24 16:00:47,209 loglevel=INFO   logger=app.utils routine_create() L59   {'response_code': '00', 'response_msg': 'OK', 'response_data': <app.models.models.PaymentRoutine object at 0x00000245A9D9AEC8>}
2021-10-24 16:00:47,212 loglevel=INFO   logger=app.utils log_requests() L52   rid=D8LCFI completed_in=22.64ms status_code=200
2021-10-24 16:03:39,564 loglevel=INFO   logger=app.utils log_requests() L44   rid=ED7QOJ start request path=/docs
2021-10-24 16:03:39,565 loglevel=INFO   logger=app.utils log_requests() L52   rid=ED7QOJ completed_in=0.98ms status_code=200
2021-10-24 16:03:39,955 loglevel=INFO   logger=app.utils log_requests() L44   rid=DK31GH start request path=/api/v1/openapi.json
2021-10-24 16:03:40,022 loglevel=INFO   logger=app.utils log_requests() L52   rid=DK31GH completed_in=33.00ms status_code=200
2021-10-24 16:05:22,272 loglevel=INFO   logger=app.utils log_requests() L44   rid=Y7NM8M start request path=/docs
2021-10-24 16:05:22,274 loglevel=INFO   logger=app.utils log_requests() L52   rid=Y7NM8M completed_in=1.00ms status_code=200
2021-10-24 16:05:22,577 loglevel=INFO   logger=app.utils log_requests() L44   rid=MIQQRE start request path=/api/v1/openapi.json
2021-10-24 16:05:22,599 loglevel=INFO   logger=app.utils log_requests() L52   rid=MIQQRE completed_in=21.01ms status_code=200
2021-10-24 16:05:39,329 loglevel=INFO   logger=app.utils log_requests() L44   rid=GWPKDF start request path=/docs
2021-10-24 16:05:39,330 loglevel=INFO   logger=app.utils log_requests() L52   rid=GWPKDF completed_in=0.00ms status_code=200
2021-10-24 16:05:41,244 loglevel=INFO   logger=app.utils log_requests() L44   rid=D1A24T start request path=/docs
2021-10-24 16:05:41,247 loglevel=INFO   logger=app.utils log_requests() L52   rid=D1A24T completed_in=1.00ms status_code=200
2021-10-24 16:05:44,689 loglevel=INFO   logger=app.utils log_requests() L44   rid=GOG0VI start request path=/api/v1/openapi.json
2021-10-24 16:05:44,720 loglevel=INFO   logger=app.utils log_requests() L52   rid=GOG0VI completed_in=30.01ms status_code=200
2021-10-24 16:17:33,055 loglevel=INFO   logger=app.utils log_requests() L44   rid=UB2OZQ start request path=/docs
2021-10-24 16:17:33,056 loglevel=INFO   logger=app.utils log_requests() L52   rid=UB2OZQ completed_in=0.00ms status_code=200
2021-10-24 16:17:33,563 loglevel=INFO   logger=app.utils log_requests() L44   rid=J3PPG0 start request path=/api/v1/openapi.json
2021-10-24 16:17:33,586 loglevel=INFO   logger=app.utils log_requests() L52   rid=J3PPG0 completed_in=20.98ms status_code=200
2021-10-24 16:18:06,999 loglevel=INFO   logger=app.utils log_requests() L44   rid=007QB8 start request path=/api/v1/payment/routine/list
2021-10-24 16:18:07,018 loglevel=INFO   logger=app.utils routine_list() L38   {'response_code': '00', 'response_msg': 'OK', 'response_data': {'data': [{'id': 1, 'name': 'Kontrakan', 'amount': 850000, 'period_unit': 'M', 'period_value': 10, 'is_active': 'T', 'description': 'Bayar kontrakkan bulanan', 'created_at': datetime.datetime(2021, 10, 23, 21, 12, 34, 818116), 'updated_at': datetime.datetime(2021, 10, 23, 21, 12, 34, 818116)}, {'id': 2, 'name': 'PDAM Air', 'amount': 50000, 'period_unit': 'M', 'period_value': 10, 'is_active': 'T', 'description': 'Bayar PDAM Air', 'created_at': datetime.datetime(2021, 10, 23, 21, 14, 0, 404853), 'updated_at': datetime.datetime(2021, 10, 23, 21, 14, 0, 404853)}, {'id': 4, 'name': 'Pulsa Listrik', 'amount': 300000, 'period_unit': 'M', 'period_value': 15, 'is_active': 'T', 'description': 'Beli token listrik bulanan', 'created_at': datetime.datetime(2021, 10, 24, 15, 45, 28, 899163), 'updated_at': datetime.datetime(2021, 10, 24, 15, 45, 28, 899163)}, {'id': 11, 'name': 'Kontrakkan', 'amount': 500000, 'period_unit': 'M', 'period_value': 10, 'is_active': 'T', 'description': 'Bayar Kontrakkan Guys.', 'created_at': datetime.datetime(2021, 10, 24, 16, 0, 47, 192511), 'updated_at': datetime.datetime(2021, 10, 24, 16, 0, 47, 192511)}], 'totalRow': 4, 'totalPage': 1, 'currentPage': 1, 'currentshow': 15}}
2021-10-24 16:18:07,022 loglevel=INFO   logger=app.utils log_requests() L52   rid=007QB8 completed_in=21.99ms status_code=200
2021-10-24 16:18:24,295 loglevel=INFO   logger=app.utils log_requests() L44   rid=GYDE57 start request path=/api/v1/payment/routine/create
2021-10-24 16:18:24,314 loglevel=INFO   logger=app.utils routine_create() L59   {'response_code': '00', 'response_msg': 'OK', 'response_data': <app.models.models.PaymentRoutine object at 0x000001D6C0ECEE88>}
2021-10-24 16:18:24,326 loglevel=INFO   logger=app.utils log_requests() L52   rid=GYDE57 completed_in=31.00ms status_code=200
2021-10-24 16:19:24,722 loglevel=INFO   logger=app.utils log_requests() L44   rid=X64I0T start request path=/api/v1/payment/routine/list
2021-10-24 16:19:24,730 loglevel=INFO   logger=app.utils routine_list() L38   {'response_code': '00', 'response_msg': 'OK', 'response_data': {'data': [{'id': 1, 'name': 'Kontrakan', 'amount': 850000, 'period_unit': 'M', 'period_value': 10, 'is_active': 'T', 'description': 'Bayar kontrakkan bulanan', 'created_at': datetime.datetime(2021, 10, 23, 21, 12, 34, 818116), 'updated_at': datetime.datetime(2021, 10, 23, 21, 12, 34, 818116)}, {'id': 2, 'name': 'PDAM Air', 'amount': 50000, 'period_unit': 'M', 'period_value': 10, 'is_active': 'T', 'description': 'Bayar PDAM Air', 'created_at': datetime.datetime(2021, 10, 23, 21, 14, 0, 404853), 'updated_at': datetime.datetime(2021, 10, 23, 21, 14, 0, 404853)}], 'totalRow': 5, 'totalPage': 3, 'currentPage': 1, 'currentshow': 2}}
2021-10-24 16:19:24,731 loglevel=INFO   logger=app.utils log_requests() L52   rid=X64I0T completed_in=7.99ms status_code=200
2021-10-24 16:21:14,756 loglevel=INFO   logger=app.utils log_requests() L44   rid=1VYNLE start request path=/docs
2021-10-24 16:21:14,759 loglevel=INFO   logger=app.utils log_requests() L52   rid=1VYNLE completed_in=0.00ms status_code=200
2021-10-24 16:21:15,784 loglevel=INFO   logger=app.utils log_requests() L44   rid=OBPKNY start request path=/api/v1/openapi.json
2021-10-24 16:21:15,837 loglevel=INFO   logger=app.utils log_requests() L52   rid=OBPKNY completed_in=27.00ms status_code=200
2021-10-24 16:26:45,583 loglevel=INFO   logger=app.utils log_requests() L44   rid=W1TQ0K start request path=/docs
2021-10-24 16:26:45,584 loglevel=INFO   logger=app.utils log_requests() L52   rid=W1TQ0K completed_in=0.97ms status_code=200
2021-10-24 16:26:46,020 loglevel=INFO   logger=app.utils log_requests() L44   rid=CPFMMS start request path=/api/v1/openapi.json
2021-10-24 16:26:46,037 loglevel=INFO   logger=app.utils log_requests() L52   rid=CPFMMS completed_in=16.00ms status_code=200
2021-10-24 16:27:40,285 loglevel=INFO   logger=app.utils log_requests() L44   rid=BRP6QZ start request path=/docs
2021-10-24 16:27:40,285 loglevel=INFO   logger=app.utils log_requests() L52   rid=BRP6QZ completed_in=0.00ms status_code=200
2021-10-24 16:27:40,657 loglevel=INFO   logger=app.utils log_requests() L44   rid=503P5H start request path=/api/v1/openapi.json
2021-10-24 16:27:40,681 loglevel=INFO   logger=app.utils log_requests() L52   rid=503P5H completed_in=23.00ms status_code=200
2021-10-24 16:27:54,788 loglevel=INFO   logger=app.utils log_requests() L44   rid=4L90G3 start request path=/docs
2021-10-24 16:27:54,790 loglevel=INFO   logger=app.utils log_requests() L52   rid=4L90G3 completed_in=1.00ms status_code=200
2021-10-24 16:27:58,419 loglevel=INFO   logger=app.utils log_requests() L44   rid=U8MN40 start request path=/api/v1/openapi.json
2021-10-24 16:27:58,427 loglevel=INFO   logger=app.utils log_requests() L52   rid=U8MN40 completed_in=0.00ms status_code=200
2021-10-24 16:28:14,113 loglevel=INFO   logger=app.utils log_requests() L44   rid=NBFIVZ start request path=/docs
2021-10-24 16:28:14,114 loglevel=INFO   logger=app.utils log_requests() L52   rid=NBFIVZ completed_in=1.00ms status_code=200
2021-10-24 16:28:14,346 loglevel=INFO   logger=app.utils log_requests() L44   rid=MYGZEI start request path=/api/v1/openapi.json
2021-10-24 16:28:14,372 loglevel=INFO   logger=app.utils log_requests() L52   rid=MYGZEI completed_in=25.00ms status_code=200
2021-10-24 16:29:49,093 loglevel=INFO   logger=app.utils log_requests() L44   rid=0BWS6K start request path=/redoc
2021-10-24 16:29:49,097 loglevel=INFO   logger=app.utils log_requests() L52   rid=0BWS6K completed_in=0.98ms status_code=200
2021-10-24 16:29:51,023 loglevel=INFO   logger=app.utils log_requests() L44   rid=DTKK5F start request path=/api/v1/openapi.json
2021-10-24 16:29:51,031 loglevel=INFO   logger=app.utils log_requests() L52   rid=DTKK5F completed_in=1.00ms status_code=200
2021-10-24 16:32:29,990 loglevel=INFO   logger=app.utils log_requests() L44   rid=9E7VOF start request path=/redoc
2021-10-24 16:32:29,992 loglevel=INFO   logger=app.utils log_requests() L52   rid=9E7VOF completed_in=1.01ms status_code=200
2021-10-24 16:32:30,273 loglevel=INFO   logger=app.utils log_requests() L44   rid=ZQDX7W start request path=/api/v1/openapi.json
2021-10-24 16:32:30,330 loglevel=INFO   logger=app.utils log_requests() L52   rid=ZQDX7W completed_in=31.00ms status_code=200
2021-10-24 16:32:42,340 loglevel=INFO   logger=app.utils log_requests() L44   rid=TS1IT7 start request path=/docs
2021-10-24 16:32:42,341 loglevel=INFO   logger=app.utils log_requests() L52   rid=TS1IT7 completed_in=0.00ms status_code=200
2021-10-24 16:32:42,648 loglevel=INFO   logger=app.utils log_requests() L44   rid=60CZAN start request path=/api/v1/openapi.json
2021-10-24 16:32:42,656 loglevel=INFO   logger=app.utils log_requests() L52   rid=60CZAN completed_in=0.00ms status_code=200
2021-10-24 16:32:57,898 loglevel=INFO   logger=app.utils log_requests() L44   rid=JYQZ0S start request path=/api/v1/payment/routine/2
2021-10-24 16:32:57,925 loglevel=INFO   logger=app.utils routine_detail() L82   {'response_code': '00', 'response_msg': 'OK', 'response_data': <app.models.models.PaymentRoutine object at 0x000001A4069749C8>}
2021-10-24 16:32:57,927 loglevel=INFO   logger=app.utils log_requests() L52   rid=JYQZ0S completed_in=25.99ms status_code=200
2021-10-24 16:33:36,193 loglevel=INFO   logger=app.utils log_requests() L44   rid=JECFD3 start request path=/api/v1/payment/routine/4
2021-10-24 16:33:36,204 loglevel=INFO   logger=app.utils routine_detail() L82   {'response_code': '00', 'response_msg': 'OK', 'response_data': <app.models.models.PaymentRoutine object at 0x000001A4069BAB08>}
2021-10-24 16:33:36,208 loglevel=INFO   logger=app.utils log_requests() L52   rid=JECFD3 completed_in=14.00ms status_code=200
2021-10-24 16:33:42,939 loglevel=INFO   logger=app.utils log_requests() L44   rid=4I8IX6 start request path=/api/v1/payment/routine/6
2021-10-24 16:33:42,943 loglevel=INFO   logger=app.utils routine_detail() L82   {'response_code': '00', 'response_msg': 'OK', 'response_data': None}
2021-10-24 16:34:50,839 loglevel=INFO   logger=app.utils log_requests() L44   rid=JK27L1 start request path=/api/v1/payment/routine/list
2021-10-24 16:34:50,866 loglevel=INFO   logger=app.utils routine_list() L38   {'response_code': '00', 'response_msg': 'OK', 'response_data': {'data': [{'id': 1, 'name': 'Kontrakan', 'amount': 850000, 'period_unit': 'M', 'period_value': 10, 'is_active': 'T', 'description': 'Bayar kontrakkan bulanan', 'created_at': datetime.datetime(2021, 10, 23, 21, 12, 34, 818116), 'updated_at': datetime.datetime(2021, 10, 23, 21, 12, 34, 818116)}, {'id': 2, 'name': 'PDAM Air', 'amount': 50000, 'period_unit': 'M', 'period_value': 10, 'is_active': 'T', 'description': 'Bayar PDAM Air', 'created_at': datetime.datetime(2021, 10, 23, 21, 14, 0, 404853), 'updated_at': datetime.datetime(2021, 10, 23, 21, 14, 0, 404853)}, {'id': 4, 'name': 'Pulsa Listrik', 'amount': 300000, 'period_unit': 'M', 'period_value': 15, 'is_active': 'T', 'description': 'Beli token listrik bulanan', 'created_at': datetime.datetime(2021, 10, 24, 15, 45, 28, 899163), 'updated_at': datetime.datetime(2021, 10, 24, 15, 45, 28, 899163)}, {'id': 11, 'name': 'Kontrakkan', 'amount': 500000, 'period_unit': 'M', 'period_value': 10, 'is_active': 'T', 'description': 'Bayar Kontrakkan Guys.', 'created_at': datetime.datetime(2021, 10, 24, 16, 0, 47, 192511), 'updated_at': datetime.datetime(2021, 10, 24, 16, 0, 47, 192511)}, {'id': 12, 'name': 'Kontrakkan', 'amount': 500000, 'period_unit': 'M', 'period_value': 10, 'is_active': 'T', 'description': 'Bayar Kontrakkan Guys.', 'created_at': datetime.datetime(2021, 10, 24, 16, 18, 24, 297339), 'updated_at': datetime.datetime(2021, 10, 24, 16, 18, 24, 297339)}], 'totalRow': 5, 'totalPage': 1, 'currentPage': 1, 'currentshow': 15}}
2021-10-24 16:34:50,869 loglevel=INFO   logger=app.utils log_requests() L52   rid=JK27L1 completed_in=27.99ms status_code=200
2021-10-24 16:35:01,805 loglevel=INFO   logger=app.utils log_requests() L44   rid=L4RCHK start request path=/api/v1/payment/routine/6
2021-10-24 16:35:01,810 loglevel=INFO   logger=app.utils routine_detail() L82   {'response_code': '00', 'response_msg': 'OK', 'response_data': None}
2021-10-24 16:35:01,811 loglevel=INFO   logger=app.utils log_requests() L52   rid=L4RCHK completed_in=5.01ms status_code=200
2021-10-24 16:42:12,583 loglevel=INFO   logger=app.utils log_requests() L44   rid=RLZ6IB start request path=/api/v1/payment/routine/6
2021-10-24 16:42:12,601 loglevel=ERROR  logger=app.utils setExcMessage() L60   -------------------------------------------
2021-10-24 16:42:12,601 loglevel=ERROR  logger=app.utils setExcMessage() L61   ExcMessage:
2021-10-24 16:42:12,602 loglevel=ERROR  logger=app.utils setExcMessage() L62   04::Data not found.
2021-10-24 16:42:12,602 loglevel=ERROR  logger=app.utils setExcMessage() L63   -------------------------------------------
2021-10-24 16:42:12,604 loglevel=INFO   logger=app.utils routine_detail() L85   <starlette.responses.JSONResponse object at 0x0000016C0BAE7888>
2021-10-24 16:42:12,605 loglevel=INFO   logger=app.utils log_requests() L52   rid=RLZ6IB completed_in=20.97ms status_code=500
2021-10-24 16:45:33,276 loglevel=INFO   logger=app.utils log_requests() L44   rid=D9YYP9 start request path=/docs
2021-10-24 16:45:33,277 loglevel=INFO   logger=app.utils log_requests() L52   rid=D9YYP9 completed_in=0.00ms status_code=200
2021-10-24 16:45:33,675 loglevel=INFO   logger=app.utils log_requests() L44   rid=OOM2OH start request path=/api/v1/openapi.json
2021-10-24 16:45:33,716 loglevel=INFO   logger=app.utils log_requests() L52   rid=OOM2OH completed_in=40.00ms status_code=200
2021-10-24 16:53:11,997 loglevel=INFO   logger=app.utils log_requests() L44   rid=W1V0CV start request path=/api/v1/payment/routine/12/update
2021-10-24 16:53:11,998 loglevel=ERROR  logger=app.utils validation_exception_handler() L28   ERROR: 3 validation errors for Request
body -> period_unit
  field required (type=value_error.missing)
body -> period_value
  field required (type=value_error.missing)
body -> is_active
  field required (type=value_error.missing)
2021-10-24 16:53:12,000 loglevel=INFO   logger=app.utils log_requests() L52   rid=W1V0CV completed_in=3.02ms status_code=500
2021-10-24 16:55:30,295 loglevel=INFO   logger=app.utils log_requests() L44   rid=JBV572 start request path=/api/v1/payment/routine/12/update
2021-10-24 16:55:30,326 loglevel=ERROR  logger=app.utils setExcMessage() L60   -------------------------------------------
2021-10-24 16:55:30,327 loglevel=ERROR  logger=app.utils setExcMessage() L61   ExcMessage:
2021-10-24 16:55:30,327 loglevel=ERROR  logger=app.utils setExcMessage() L62   90::Rollback: Db transaction failed, invalid input for query argument $2: '2021-10-24T16:18:24.297339' (expected a datetime.date or datetime.datetime instance, got 'str')
2021-10-24 16:55:30,328 loglevel=ERROR  logger=app.utils setExcMessage() L63   -------------------------------------------
2021-10-24 16:55:30,329 loglevel=INFO   logger=app.utils routine_update() L113  <starlette.responses.JSONResponse object at 0x000001CA413510C8>
2021-10-24 16:55:30,330 loglevel=INFO   logger=app.utils log_requests() L52   rid=JBV572 completed_in=34.00ms status_code=500
2021-10-24 17:01:14,192 loglevel=INFO   logger=app.utils log_requests() L44   rid=6TWNKM start request path=/api/v1/payment/routine/12/update
2021-10-24 17:01:14,218 loglevel=ERROR  logger=app.utils setExcMessage() L60   -------------------------------------------
2021-10-24 17:01:14,219 loglevel=ERROR  logger=app.utils setExcMessage() L61   ExcMessage:
2021-10-24 17:01:14,219 loglevel=ERROR  logger=app.utils setExcMessage() L62   90::Rollback: Db transaction failed, unconverted data remains: .297339
2021-10-24 17:01:14,219 loglevel=ERROR  logger=app.utils setExcMessage() L63   -------------------------------------------
2021-10-24 17:01:14,220 loglevel=INFO   logger=app.utils routine_update() L113  <starlette.responses.JSONResponse object at 0x0000028E7D0F1748>
2021-10-24 17:01:14,221 loglevel=INFO   logger=app.utils log_requests() L52   rid=6TWNKM completed_in=27.54ms status_code=500
2021-10-24 17:09:43,074 loglevel=INFO   logger=app.utils log_requests() L44   rid=Q306KM start request path=/api/v1/payment/routine/12/update
2021-10-24 17:09:43,113 loglevel=ERROR  logger=app.utils setExcMessage() L60   -------------------------------------------
2021-10-24 17:09:43,114 loglevel=ERROR  logger=app.utils setExcMessage() L61   ExcMessage:
2021-10-24 17:09:43,114 loglevel=ERROR  logger=app.utils setExcMessage() L62   90::Rollback: Db transaction failed, time data '2021-10-24T16:18:24.297339' does not match format '%Y-%m-%dT%H:%M:%S%z'
2021-10-24 17:09:43,114 loglevel=ERROR  logger=app.utils setExcMessage() L63   -------------------------------------------
2021-10-24 17:09:43,115 loglevel=INFO   logger=app.utils routine_update() L113  <starlette.responses.JSONResponse object at 0x000001763D5F0888>
2021-10-24 17:09:43,116 loglevel=INFO   logger=app.utils log_requests() L52   rid=Q306KM completed_in=40.85ms status_code=500
2021-10-24 17:10:29,330 loglevel=INFO   logger=app.utils log_requests() L44   rid=9YA5QL start request path=/api/v1/payment/routine/12/update
2021-10-24 17:10:29,355 loglevel=ERROR  logger=app.utils setExcMessage() L60   -------------------------------------------
2021-10-24 17:10:29,356 loglevel=ERROR  logger=app.utils setExcMessage() L61   ExcMessage:
2021-10-24 17:10:29,356 loglevel=ERROR  logger=app.utils setExcMessage() L62   90::Rollback: Db transaction failed, time data '2021-10-24T16:18:24.297339' does not match format '%Y-%m-%dT%H:%M:%S.%z'
2021-10-24 17:10:29,356 loglevel=ERROR  logger=app.utils setExcMessage() L63   -------------------------------------------
2021-10-24 17:10:29,357 loglevel=INFO   logger=app.utils routine_update() L113  <starlette.responses.JSONResponse object at 0x0000027564921748>
2021-10-24 17:10:29,357 loglevel=INFO   logger=app.utils log_requests() L52   rid=9YA5QL completed_in=26.55ms status_code=500
2021-10-24 17:11:52,288 loglevel=INFO   logger=app.utils log_requests() L44   rid=AI3FLH start request path=/api/v1/payment/routine/12/update
2021-10-24 17:11:52,328 loglevel=ERROR  logger=app.utils setExcMessage() L60   -------------------------------------------
2021-10-24 17:11:52,328 loglevel=ERROR  logger=app.utils setExcMessage() L61   ExcMessage:
2021-10-24 17:11:52,329 loglevel=ERROR  logger=app.utils setExcMessage() L62   90::Rollback: Db transaction failed, invalid input for query argument $2: '2021-10-24T16:18:24.297339' (expected a datetime.date or datetime.datetime instance, got 'str')
2021-10-24 17:11:52,329 loglevel=ERROR  logger=app.utils setExcMessage() L63   -------------------------------------------
2021-10-24 17:11:52,330 loglevel=INFO   logger=app.utils routine_update() L113  <starlette.responses.JSONResponse object at 0x000001EAD15E9C48>
2021-10-24 17:11:52,331 loglevel=INFO   logger=app.utils log_requests() L52   rid=AI3FLH completed_in=41.66ms status_code=500
2021-10-24 17:33:16,266 loglevel=INFO   logger=app.utils log_requests() L44   rid=DCDL8P start request path=/api/v1/payment/routine/12/update
2021-10-24 17:33:16,328 loglevel=INFO   logger=app.utils routine_update() L113  {'response_code': '00', 'response_msg': 'OK', 'response_data': <app.models.models.PaymentRoutine object at 0x0000028DFAF1F548>}
2021-10-24 17:33:16,329 loglevel=INFO   logger=app.utils log_requests() L52   rid=DCDL8P completed_in=59.30ms status_code=200
2021-10-24 17:34:39,322 loglevel=INFO   logger=app.utils log_requests() L44   rid=6W34VH start request path=/api/v1/payment/routine/12/update
2021-10-24 17:34:39,368 loglevel=INFO   logger=app.utils routine_update() L115  {'response_code': '00', 'response_msg': 'OK', 'response_data': <app.models.models.PaymentRoutine object at 0x000001A4CC4CF2C8>}
2021-10-24 17:34:39,369 loglevel=INFO   logger=app.utils log_requests() L52   rid=6W34VH completed_in=45.00ms status_code=200
2021-10-24 17:36:25,655 loglevel=INFO   logger=app.utils log_requests() L44   rid=UKLC6X start request path=/api/v1/payment/routine/12/update
2021-10-24 17:36:25,678 loglevel=ERROR  logger=app.utils setExcMessage() L60   -------------------------------------------
2021-10-24 17:36:25,679 loglevel=ERROR  logger=app.utils setExcMessage() L61   ExcMessage:
2021-10-24 17:36:25,679 loglevel=ERROR  logger=app.utils setExcMessage() L62   __init__() takes exactly 1 positional argument (2 given)
2021-10-24 17:36:25,680 loglevel=ERROR  logger=app.utils setExcMessage() L63   -------------------------------------------
2021-10-24 17:36:25,681 loglevel=INFO   logger=app.utils routine_update() L115  <starlette.responses.JSONResponse object at 0x000002033D27FE88>
2021-10-24 17:36:25,682 loglevel=INFO   logger=app.utils log_requests() L52   rid=UKLC6X completed_in=25.00ms status_code=500
2021-10-24 17:36:45,584 loglevel=INFO   logger=app.utils log_requests() L44   rid=6E1ODO start request path=/api/v1/payment/routine/12/update
2021-10-24 17:36:45,609 loglevel=ERROR  logger=app.utils setExcMessage() L60   -------------------------------------------
2021-10-24 17:36:45,609 loglevel=ERROR  logger=app.utils setExcMessage() L61   ExcMessage:
2021-10-24 17:36:45,610 loglevel=ERROR  logger=app.utils setExcMessage() L62   ModelMetaclass object argument after ** must be a mapping, not PaymentRoutineUpdate
2021-10-24 17:36:45,610 loglevel=ERROR  logger=app.utils setExcMessage() L63   -------------------------------------------
2021-10-24 17:36:45,611 loglevel=INFO   logger=app.utils routine_update() L115  <starlette.responses.JSONResponse object at 0x000002082FA2FB88>
2021-10-24 17:36:45,612 loglevel=INFO   logger=app.utils log_requests() L52   rid=6E1ODO completed_in=28.03ms status_code=500
2021-10-24 17:37:33,009 loglevel=INFO   logger=app.utils log_requests() L44   rid=E838NU start request path=/api/v1/payment/routine/12/update
2021-10-24 17:37:33,061 loglevel=INFO   logger=app.utils routine_update() L115  {'response_code': '00', 'response_msg': 'OK', 'response_data': <app.models.models.PaymentRoutine object at 0x000001EC0766BB88>}
2021-10-24 17:37:33,062 loglevel=INFO   logger=app.utils log_requests() L52   rid=E838NU completed_in=50.49ms status_code=200
2021-10-24 17:38:19,397 loglevel=INFO   logger=app.utils log_requests() L44   rid=Q7JHYA start request path=/api/v1/payment/routine/list
2021-10-24 17:38:19,403 loglevel=INFO   logger=app.utils routine_list() L39   {'response_code': '00', 'response_msg': 'OK', 'response_data': {'data': [{'id': 1, 'name': 'Kontrakan', 'amount': 850000, 'period_unit': 'M', 'period_value': 10, 'is_active': 'T', 'description': 'Bayar kontrakkan bulanan', 'created_at': datetime.datetime(2021, 10, 23, 21, 12, 34, 818116), 'updated_at': datetime.datetime(2021, 10, 23, 21, 12, 34, 818116)}, {'id': 2, 'name': 'PDAM Air', 'amount': 50000, 'period_unit': 'M', 'period_value': 10, 'is_active': 'T', 'description': 'Bayar PDAM Air', 'created_at': datetime.datetime(2021, 10, 23, 21, 14, 0, 404853), 'updated_at': datetime.datetime(2021, 10, 23, 21, 14, 0, 404853)}, {'id': 4, 'name': 'Pulsa Listrik', 'amount': 300000, 'period_unit': 'M', 'period_value': 15, 'is_active': 'T', 'description': 'Beli token listrik bulanan', 'created_at': datetime.datetime(2021, 10, 24, 15, 45, 28, 899163), 'updated_at': datetime.datetime(2021, 10, 24, 15, 45, 28, 899163)}, {'id': 11, 'name': 'Kontrakkan', 'amount': 500000, 'period_unit': 'M', 'period_value': 10, 'is_active': 'T', 'description': 'Bayar Kontrakkan Guys.', 'created_at': datetime.datetime(2021, 10, 24, 16, 0, 47, 192511), 'updated_at': datetime.datetime(2021, 10, 24, 16, 0, 47, 192511)}, {'id': 12, 'name': 'Kuota', 'amount': 300000, 'period_unit': 'M', 'period_value': 10, 'is_active': 'T', 'description': 'Beli Kuota Bulanan.', 'created_at': datetime.datetime(2021, 10, 24, 16, 18, 24, 297339), 'updated_at': datetime.datetime(2021, 10, 24, 17, 37, 33, 49111)}], 'totalRow': 5, 'totalPage': 1, 'currentPage': 1, 'currentshow': 15}}
2021-10-24 17:38:19,406 loglevel=INFO   logger=app.utils log_requests() L52   rid=Q7JHYA completed_in=9.00ms status_code=200
2021-10-24 17:43:39,484 loglevel=INFO   logger=app.utils log_requests() L44   rid=FN1C86 start request path=/docs
2021-10-24 17:43:39,485 loglevel=INFO   logger=app.utils log_requests() L52   rid=FN1C86 completed_in=0.00ms status_code=200
2021-10-24 17:43:39,874 loglevel=INFO   logger=app.utils log_requests() L44   rid=8TIO4U start request path=/api/v1/openapi.json
2021-10-24 17:43:39,931 loglevel=INFO   logger=app.utils log_requests() L52   rid=8TIO4U completed_in=53.95ms status_code=200
2021-10-24 17:43:52,343 loglevel=INFO   logger=app.utils log_requests() L44   rid=1EFJ9E start request path=/api/v1/payment/routine/12/delete
2021-10-24 17:43:52,367 loglevel=INFO   logger=app.utils routine_delete() L142  {'response_code': '00', 'response_msg': 'OK', 'response_data': None}
2021-10-24 17:43:52,368 loglevel=INFO   logger=app.utils log_requests() L52   rid=1EFJ9E completed_in=25.00ms status_code=200
2021-10-24 17:44:00,523 loglevel=INFO   logger=app.utils log_requests() L44   rid=ZTMD4A start request path=/api/v1/payment/routine/list
2021-10-24 17:44:00,529 loglevel=INFO   logger=app.utils routine_list() L39   {'response_code': '00', 'response_msg': 'OK', 'response_data': {'data': [{'id': 1, 'name': 'Kontrakan', 'amount': 850000, 'period_unit': 'M', 'period_value': 10, 'is_active': 'T', 'description': 'Bayar kontrakkan bulanan', 'created_at': datetime.datetime(2021, 10, 23, 21, 12, 34, 818116), 'updated_at': datetime.datetime(2021, 10, 23, 21, 12, 34, 818116)}, {'id': 2, 'name': 'PDAM Air', 'amount': 50000, 'period_unit': 'M', 'period_value': 10, 'is_active': 'T', 'description': 'Bayar PDAM Air', 'created_at': datetime.datetime(2021, 10, 23, 21, 14, 0, 404853), 'updated_at': datetime.datetime(2021, 10, 23, 21, 14, 0, 404853)}, {'id': 4, 'name': 'Pulsa Listrik', 'amount': 300000, 'period_unit': 'M', 'period_value': 15, 'is_active': 'T', 'description': 'Beli token listrik bulanan', 'created_at': datetime.datetime(2021, 10, 24, 15, 45, 28, 899163), 'updated_at': datetime.datetime(2021, 10, 24, 15, 45, 28, 899163)}, {'id': 11, 'name': 'Kontrakkan', 'amount': 500000, 'period_unit': 'M', 'period_value': 10, 'is_active': 'T', 'description': 'Bayar Kontrakkan Guys.', 'created_at': datetime.datetime(2021, 10, 24, 16, 0, 47, 192511), 'updated_at': datetime.datetime(2021, 10, 24, 16, 0, 47, 192511)}], 'totalRow': 4, 'totalPage': 1, 'currentPage': 1, 'currentshow': 15}}
2021-10-24 17:44:00,533 loglevel=INFO   logger=app.utils log_requests() L52   rid=ZTMD4A completed_in=10.03ms status_code=200
2021-10-24 17:44:39,148 loglevel=INFO   logger=app.utils log_requests() L44   rid=JPM14H start request path=/api/v1/payment/routine/12/delete
2021-10-24 17:44:39,171 loglevel=ERROR  logger=app.utils setExcMessage() L60   -------------------------------------------
2021-10-24 17:44:39,172 loglevel=ERROR  logger=app.utils setExcMessage() L61   ExcMessage:
2021-10-24 17:44:39,173 loglevel=ERROR  logger=app.utils setExcMessage() L62   04::Data not found.
2021-10-24 17:44:39,173 loglevel=ERROR  logger=app.utils setExcMessage() L63   -------------------------------------------
2021-10-24 17:44:39,174 loglevel=INFO   logger=app.utils routine_delete() L142  <starlette.responses.JSONResponse object at 0x0000020376CE6E88>
2021-10-24 17:44:39,175 loglevel=INFO   logger=app.utils log_requests() L52   rid=JPM14H completed_in=25.98ms status_code=500
2021-10-24 17:44:44,136 loglevel=INFO   logger=app.utils log_requests() L44   rid=GTKIZJ start request path=/api/v1/payment/routine/11/delete
2021-10-24 17:44:44,157 loglevel=INFO   logger=app.utils routine_delete() L142  {'response_code': '00', 'response_msg': 'OK', 'response_data': None}
2021-10-24 17:44:44,160 loglevel=INFO   logger=app.utils log_requests() L52   rid=GTKIZJ completed_in=23.00ms status_code=200
2021-10-24 17:44:48,989 loglevel=INFO   logger=app.utils log_requests() L44   rid=1NK0WF start request path=/docs
2021-10-24 17:44:48,990 loglevel=INFO   logger=app.utils log_requests() L52   rid=1NK0WF completed_in=0.00ms status_code=200
2021-10-24 17:44:49,392 loglevel=INFO   logger=app.utils log_requests() L44   rid=X7XU9B start request path=/api/v1/openapi.json
2021-10-24 17:44:49,437 loglevel=INFO   logger=app.utils log_requests() L52   rid=X7XU9B completed_in=45.00ms status_code=200
